C:\Users\ITC\source\repos\StudyScheduleApi\angular-app\dist\out-tsc\app\app-routing.module.js
C:\Users\ITC\source\repos\StudyScheduleApi\angular-app\dist\out-tsc\app\app-routing.module.js.map
C:\Users\ITC\source\repos\StudyScheduleApi\angular-app\dist\out-tsc\app\services\schedule.service.js
C:\Users\ITC\source\repos\StudyScheduleApi\angular-app\dist\out-tsc\app\services\schedule.service.js.map
C:\Users\ITC\source\repos\StudyScheduleApi\angular-app\dist\out-tsc\app\app.component.js
C:\Users\ITC\source\repos\StudyScheduleApi\angular-app\dist\out-tsc\app\app.component.js.map
C:\Users\ITC\source\repos\StudyScheduleApi\angular-app\dist\out-tsc\app\app.module.js
C:\Users\ITC\source\repos\StudyScheduleApi\angular-app\dist\out-tsc\app\app.module.js.map
C:\Users\ITC\source\repos\StudyScheduleApi\angular-app\dist\out-tsc\environments\environment.js
C:\Users\ITC\source\repos\StudyScheduleApi\angular-app\dist\out-tsc\environments\environment.js.map
C:\Users\ITC\source\repos\StudyScheduleApi\angular-app\dist\out-tsc\main.js
C:\Users\ITC\source\repos\StudyScheduleApi\angular-app\dist\out-tsc\main.js.map
C:\Users\ITC\source\repos\StudyScheduleApi\angular-app\dist\out-tsc\polyfills.js
C:\Users\ITC\source\repos\StudyScheduleApi\angular-app\dist\out-tsc\polyfills.js.map
C:\Users\ITC\source\repos\StudyScheduleApi\angular-app\dist\out-tsc\test.js
C:\Users\ITC\source\repos\StudyScheduleApi\angular-app\dist\out-tsc\test.js.map
C:\Users\ITC\source\repos\StudyScheduleApi\angular-app\dist\out-tsc\app\app.component.spec.js
C:\Users\ITC\source\repos\StudyScheduleApi\angular-app\dist\out-tsc\app\app.component.spec.js.map
C:\Users\ITC\source\repos\StudyScheduleApi\angular-app\dist\out-tsc\app\services\schedule.service.spec.js
C:\Users\ITC\source\repos\StudyScheduleApi\angular-app\dist\out-tsc\app\services\schedule.service.spec.js.map
C:\Users\ITC\source\repos\StudyScheduleApi\angular-app\dist\out-tsc\environments\environment.prod.js
C:\Users\ITC\source\repos\StudyScheduleApi\angular-app\dist\out-tsc\environments\environment.prod.js.map
